<?xml version="1.0" encoding="UTF-8"?>
<testsuite xmlns:xsi="http://www.w3.org/2001/XMLSchema-instance" xsi:noNamespaceSchemaLocation="https://maven.apache.org/surefire/maven-surefire-plugin/xsd/surefire-test-report-3.0.xsd" version="3.0" name="com.tip.dg4.toeic_exam.ToeicExamApplicationTests" time="4.187" tests="1" errors="0" skipped="0" failures="0">
  <properties>
[...]
</properties>
  <testcase name="contextLoads" classname="com.tip.dg4.toeic_exam.ToeicExamApplicationTests" time="0.95">
    <system-out><![CDATA[2023-06-30T11:59:46,727  INFO 321926 --- [           main] t.c.s.AnnotationConfigContextLoaderUtils : Could not detect default configuration classes for test class [com.tip.dg4.toeic_exam.ToeicExamApplicationTests]: ToeicExamApplicationTests does not declare any static, non-private, non-final, nested classes annotated with @Configuration.
2023-06-30T11:59:46,862  INFO 321926 --- [           main] .b.t.c.SpringBootTestContextBootstrapper : Found @SpringBootConfiguration com.tip.dg4.toeic_exam.ToeicExamApplication for test class com.tip.dg4.toeic_exam.ToeicExamApplicationTests

  .   ____          _            __ _ _
 /\\ / ___'_ __ _ _(_)_ __  __ _ \ \ \ \
( ( )\___ | '_ | '_| | '_ \/ _` | \ \ \ \
 \\/  ___)| |_)| | | | | || (_| |  ) ) ) )
  '  |____| .__|_| |_|_| |_\__, | / / / /
 =========|_|==============|___/=/_/_/_/
 :: Spring Boot ::                (v3.1.0)

2023-06-30T11:59:47,221  INFO 321926 --- [           main] c.t.d.t.ToeicExamApplicationTests        : Starting ToeicExamApplicationTests using Java 17.0.6 with PID 321926 (started by vtronghieu in /home/vtronghieu/Java/toeic-exam-app)
2023-06-30T11:59:47,225  INFO 321926 --- [           main] c.t.d.t.ToeicExamApplicationTests        : No active profile set, falling back to 1 default profile: "default"
2023-06-30T11:59:47,823  INFO 321926 --- [           main] .s.d.r.c.RepositoryConfigurationDelegate : Bootstrapping Spring Data MongoDB repositories in DEFAULT mode.
2023-06-30T11:59:47,880  INFO 321926 --- [           main] .s.d.r.c.RepositoryConfigurationDelegate : Finished Spring Data repository scanning in 52 ms. Found 1 MongoDB repository interfaces.
2023-06-30T11:59:48,403  INFO 321926 --- [           main] o.m.d.client                             : MongoClient with metadata {"driver": {"name": "mongo-java-driver|sync|spring-boot", "version": "4.9.1"}, "os": {"type": "Linux", "name": "Linux", "architecture": "amd64", "version": "5.15.0-76-generic"}, "platform": "Java/IBM Corporation/17.0.6+9"} created with settings MongoClientSettings{readPreference=primary, writeConcern=WriteConcern{w=majority, wTimeout=null ms, journal=null}, retryWrites=true, retryReads=true, readConcern=ReadConcern{level=null}, credential=MongoCredential{mechanism=null, userName='vtronghieu', source='admin', password=<hidden>, mechanismProperties=<hidden>}, streamFactoryFactory=null, commandListeners=[], codecRegistry=ProvidersCodecRegistry{codecProviders=[ValueCodecProvider{}, BsonValueCodecProvider{}, DBRefCodecProvider{}, DBObjectCodecProvider{}, DocumentCodecProvider{}, CollectionCodecProvider{}, IterableCodecProvider{}, MapCodecProvider{}, GeoJsonCodecProvider{}, GridFSFileCodecProvider{}, Jsr310CodecProvider{}, JsonObjectCodecProvider{}, BsonCodecProvider{}, EnumCodecProvider{}, com.mongodb.client.model.mql.ExpressionCodecProvider@6b030485, com.mongodb.Jep395RecordCodecProvider@ec357c47]}, loggerSettings=LoggerSettings{maxDocumentLength=1000}, clusterSettings={hosts=[127.0.0.1:27017], srvHost=cluster0.bz5smxn.mongodb.net, srvServiceName=mongodb, mode=MULTIPLE, requiredClusterType=REPLICA_SET, requiredReplicaSetName='atlas-exh0f3-shard-0', serverSelector='null', clusterListeners='[]', serverSelectionTimeout='30000 ms', localThreshold='30000 ms'}, socketSettings=SocketSettings{connectTimeoutMS=10000, readTimeoutMS=0, receiveBufferSize=0, sendBufferSize=0}, heartbeatSocketSettings=SocketSettings{connectTimeoutMS=10000, readTimeoutMS=10000, receiveBufferSize=0, sendBufferSize=0}, connectionPoolSettings=ConnectionPoolSettings{maxSize=100, minSize=0, maxWaitTimeMS=120000, maxConnectionLifeTimeMS=0, maxConnectionIdleTimeMS=0, maintenanceInitialDelayMS=0, maintenanceFrequencyMS=60000, connectionPoolListeners=[], maxConnecting=2}, serverSettings=ServerSettings{heartbeatFrequencyMS=10000, minHeartbeatFrequencyMS=500, serverListeners='[]', serverMonitorListeners='[]'}, sslSettings=SslSettings{enabled=true, invalidHostNameAllowed=false, context=null}, applicationName='null', compressorList=[], uuidRepresentation=JAVA_LEGACY, serverApi=null, autoEncryptionSettings=null, contextProvider=null}
2023-06-30T11:59:48,628  INFO 321926 --- [mxn.mongodb.net] o.m.d.cluster                            : Adding discovered server ac-dafmvbd-shard-00-02.bz5smxn.mongodb.net:27017 to client view of cluster
2023-06-30T11:59:48,652  INFO 321926 --- [mxn.mongodb.net] o.m.d.cluster                            : Adding discovered server ac-dafmvbd-shard-00-00.bz5smxn.mongodb.net:27017 to client view of cluster
2023-06-30T11:59:48,653  INFO 321926 --- [mxn.mongodb.net] o.m.d.cluster                            : Adding discovered server ac-dafmvbd-shard-00-01.bz5smxn.mongodb.net:27017 to client view of cluster
2023-06-30T11:59:49,130  INFO 321926 --- [           main] o.s.s.w.DefaultSecurityFilterChain       : Will secure any request with [org.springframework.security.web.session.DisableEncodeUrlFilter@84a12606, org.springframework.security.web.context.request.async.WebAsyncManagerIntegrationFilter@b6b012d8, org.springframework.security.web.context.SecurityContextHolderFilter@451a7542, org.springframework.security.web.header.HeaderWriterFilter@c8565ae0, org.springframework.web.filter.CorsFilter@8a058edd, org.springframework.security.web.authentication.logout.LogoutFilter@4c4555, com.tip.dg4.toeic_exam.config.JwtAuthFilter@bb904e2, org.springframework.security.web.savedrequest.RequestCacheAwareFilter@c6becd19, org.springframework.security.web.servletapi.SecurityContextHolderAwareRequestFilter@3b4e4aef, org.springframework.security.web.authentication.AnonymousAuthenticationFilter@22abda04, org.springframework.security.web.session.SessionManagementFilter@eefefbb3, org.springframework.security.web.access.ExceptionTranslationFilter@e8f9cda8, org.springframework.security.web.access.intercept.AuthorizationFilter@30ad890c]
2023-06-30T11:59:49,349  INFO 321926 --- [ngodb.net:27017] o.m.d.cluster                            : Monitor thread successfully connected to server with description ServerDescription{address=ac-dafmvbd-shard-00-00.bz5smxn.mongodb.net:27017, type=REPLICA_SET_SECONDARY, state=CONNECTED, ok=true, minWireVersion=0, maxWireVersion=17, maxDocumentSize=16777216, logicalSessionTimeoutMinutes=30, roundTripTimeNanos=340341561, setName='atlas-exh0f3-shard-0', canonicalAddress=ac-dafmvbd-shard-00-00.bz5smxn.mongodb.net:27017, hosts=[ac-dafmvbd-shard-00-00.bz5smxn.mongodb.net:27017, ac-dafmvbd-shard-00-01.bz5smxn.mongodb.net:27017, ac-dafmvbd-shard-00-02.bz5smxn.mongodb.net:27017], passives=[], arbiters=[], primary='ac-dafmvbd-shard-00-01.bz5smxn.mongodb.net:27017', tagSet=TagSet{[Tag{name='nodeType', value='ELECTABLE'}, Tag{name='provider', value='GCP'}, Tag{name='region', value='ASIA_SOUTH_1'}, Tag{name='workloadType', value='OPERATIONAL'}]}, electionId=null, setVersion=3, topologyVersion=TopologyVersion{processId=64637f1b7d69a40e609c8264, counter=4}, lastWriteDate=Fri Jun 30 11:59:49 ICT 2023, lastUpdateTimeNanos=72087212660919}
2023-06-30T11:59:49,349  INFO 321926 --- [ngodb.net:27017] o.m.d.cluster                            : Monitor thread successfully connected to server with description ServerDescription{address=ac-dafmvbd-shard-00-02.bz5smxn.mongodb.net:27017, type=REPLICA_SET_SECONDARY, state=CONNECTED, ok=true, minWireVersion=0, maxWireVersion=17, maxDocumentSize=16777216, logicalSessionTimeoutMinutes=30, roundTripTimeNanos=341109428, setName='atlas-exh0f3-shard-0', canonicalAddress=ac-dafmvbd-shard-00-02.bz5smxn.mongodb.net:27017, hosts=[ac-dafmvbd-shard-00-00.bz5smxn.mongodb.net:27017, ac-dafmvbd-shard-00-01.bz5smxn.mongodb.net:27017, ac-dafmvbd-shard-00-02.bz5smxn.mongodb.net:27017], passives=[], arbiters=[], primary='ac-dafmvbd-shard-00-01.bz5smxn.mongodb.net:27017', tagSet=TagSet{[Tag{name='nodeType', value='ELECTABLE'}, Tag{name='provider', value='GCP'}, Tag{name='region', value='ASIA_SOUTH_1'}, Tag{name='workloadType', value='OPERATIONAL'}]}, electionId=null, setVersion=3, topologyVersion=TopologyVersion{processId=64637fbf3c00c2f29de3797a, counter=3}, lastWriteDate=Fri Jun 30 11:59:49 ICT 2023, lastUpdateTimeNanos=72087212661308}
2023-06-30T11:59:49,349  INFO 321926 --- [ngodb.net:27017] o.m.d.cluster                            : Monitor thread successfully connected to server with description ServerDescription{address=ac-dafmvbd-shard-00-01.bz5smxn.mongodb.net:27017, type=REPLICA_SET_PRIMARY, state=CONNECTED, ok=true, minWireVersion=0, maxWireVersion=17, maxDocumentSize=16777216, logicalSessionTimeoutMinutes=30, roundTripTimeNanos=342153182, setName='atlas-exh0f3-shard-0', canonicalAddress=ac-dafmvbd-shard-00-01.bz5smxn.mongodb.net:27017, hosts=[ac-dafmvbd-shard-00-00.bz5smxn.mongodb.net:27017, ac-dafmvbd-shard-00-01.bz5smxn.mongodb.net:27017, ac-dafmvbd-shard-00-02.bz5smxn.mongodb.net:27017], passives=[], arbiters=[], primary='ac-dafmvbd-shard-00-01.bz5smxn.mongodb.net:27017', tagSet=TagSet{[Tag{name='nodeType', value='ELECTABLE'}, Tag{name='provider', value='GCP'}, Tag{name='region', value='ASIA_SOUTH_1'}, Tag{name='workloadType', value='OPERATIONAL'}]}, electionId=7fffffff0000000000000055, setVersion=3, topologyVersion=TopologyVersion{processId=64637f6dd0bef16306970a56, counter=6}, lastWriteDate=Fri Jun 30 11:59:49 ICT 2023, lastUpdateTimeNanos=72087212661227}
2023-06-30T11:59:49,357  INFO 321926 --- [ngodb.net:27017] o.m.d.cluster                            : Discovered replica set primary ac-dafmvbd-shard-00-01.bz5smxn.mongodb.net:27017 with max election id 7fffffff0000000000000055 and max set version 3
2023-06-30T11:59:49,414  INFO 321926 --- [           main] c.t.d.t.ToeicExamApplicationTests        : Started ToeicExamApplicationTests in 2.44 seconds (process running for 3.686)
]]></system-out>
  </testcase>
</testsuite>