<?xml version="1.0" encoding="UTF-8"?>
<testsuite xmlns:xsi="http://www.w3.org/2001/XMLSchema-instance" xsi:noNamespaceSchemaLocation="https://maven.apache.org/surefire/maven-surefire-plugin/xsd/surefire-test-report-3.0.xsd" version="3.0" name="com.tip.dg4.toeic_exam.ToeicExamApplicationTests" time="5.403" tests="1" errors="0" skipped="0" failures="0">
  <properties>
[...]
</properties>
  <testcase name="contextLoads" classname="com.tip.dg4.toeic_exam.ToeicExamApplicationTests" time="0.014">
    <system-out><![CDATA[ERROR StatusConsoleListener Unable to delete file D:\Java\toeic-exam-app\.\src\main\resources\logs\app.log: java.nio.file.FileSystemException D:\Java\toeic-exam-app\.\src\main\resources\logs\app.log: The process cannot access the file because it is being used by another process
2023-09-06T22:57:37,703  INFO 19868 --- [           main] t.c.s.AnnotationConfigContextLoaderUtils : Could not detect default configuration classes for test class [com.tip.dg4.toeic_exam.ToeicExamApplicationTests]: ToeicExamApplicationTests does not declare any static, non-private, non-final, nested classes annotated with @Configuration.
2023-09-06T22:57:37,781  INFO 19868 --- [           main] .b.t.c.SpringBootTestContextBootstrapper : Found @SpringBootConfiguration com.tip.dg4.toeic_exam.ToeicExamApplication for test class com.tip.dg4.toeic_exam.ToeicExamApplicationTests

  .   ____          _            __ _ _
 /\\ / ___'_ __ _ _(_)_ __  __ _ \ \ \ \
( ( )\___ | '_ | '_| | '_ \/ _` | \ \ \ \
 \\/  ___)| |_)| | | | | || (_| |  ) ) ) )
  '  |____| .__|_| |_|_| |_\__, | / / / /
 =========|_|==============|___/=/_/_/_/
 :: Spring Boot ::                (v3.1.0)

2023-09-06T22:57:38,055  INFO 19868 --- [kground-preinit] o.h.v.i.u.Version                        : HV000001: Hibernate Validator 8.0.0.Final
2023-09-06T22:57:38,079  INFO 19868 --- [           main] c.t.d.t.ToeicExamApplicationTests        : Starting ToeicExamApplicationTests using Java 17.0.8 with PID 19868 (started by vtronghieu in D:\Java\toeic-exam-app)
2023-09-06T22:57:38,083  INFO 19868 --- [           main] c.t.d.t.ToeicExamApplicationTests        : No active profile set, falling back to 1 default profile: "default"
2023-09-06T22:57:38,809  INFO 19868 --- [           main] .s.d.r.c.RepositoryConfigurationDelegate : Bootstrapping Spring Data MongoDB repositories in DEFAULT mode.
2023-09-06T22:57:38,888  INFO 19868 --- [           main] .s.d.r.c.RepositoryConfigurationDelegate : Finished Spring Data repository scanning in 75 ms. Found 12 MongoDB repository interfaces.
2023-09-06T22:57:40,616  INFO 19868 --- [           main] o.m.d.client                             : MongoClient with metadata {"driver": {"name": "mongo-java-driver|sync|spring-boot", "version": "4.9.1"}, "os": {"type": "Windows", "name": "Windows 11", "architecture": "amd64", "version": "10.0"}, "platform": "Java/IBM Corporation/17.0.8+6"} created with settings MongoClientSettings{readPreference=primary, writeConcern=WriteConcern{w=majority, wTimeout=null ms, journal=null}, retryWrites=true, retryReads=true, readConcern=ReadConcern{level=null}, credential=MongoCredential{mechanism=null, userName='vtronghieu', source='admin', password=<hidden>, mechanismProperties=<hidden>}, streamFactoryFactory=null, commandListeners=[], codecRegistry=ProvidersCodecRegistry{codecProviders=[ValueCodecProvider{}, BsonValueCodecProvider{}, DBRefCodecProvider{}, DBObjectCodecProvider{}, DocumentCodecProvider{}, CollectionCodecProvider{}, IterableCodecProvider{}, MapCodecProvider{}, GeoJsonCodecProvider{}, GridFSFileCodecProvider{}, Jsr310CodecProvider{}, JsonObjectCodecProvider{}, BsonCodecProvider{}, EnumCodecProvider{}, com.mongodb.client.model.mql.ExpressionCodecProvider@a6ce93be, com.mongodb.Jep395RecordCodecProvider@681e94b4]}, loggerSettings=LoggerSettings{maxDocumentLength=1000}, clusterSettings={hosts=[127.0.0.1:27017], srvHost=cluster0.bz5smxn.mongodb.net, srvServiceName=mongodb, mode=MULTIPLE, requiredClusterType=REPLICA_SET, requiredReplicaSetName='atlas-exh0f3-shard-0', serverSelector='null', clusterListeners='[]', serverSelectionTimeout='30000 ms', localThreshold='30000 ms'}, socketSettings=SocketSettings{connectTimeoutMS=10000, readTimeoutMS=0, receiveBufferSize=0, sendBufferSize=0}, heartbeatSocketSettings=SocketSettings{connectTimeoutMS=10000, readTimeoutMS=10000, receiveBufferSize=0, sendBufferSize=0}, connectionPoolSettings=ConnectionPoolSettings{maxSize=100, minSize=0, maxWaitTimeMS=120000, maxConnectionLifeTimeMS=0, maxConnectionIdleTimeMS=0, maintenanceInitialDelayMS=0, maintenanceFrequencyMS=60000, connectionPoolListeners=[], maxConnecting=2}, serverSettings=ServerSettings{heartbeatFrequencyMS=10000, minHeartbeatFrequencyMS=500, serverListeners='[]', serverMonitorListeners='[]'}, sslSettings=SslSettings{enabled=true, invalidHostNameAllowed=false, context=null}, applicationName='null', compressorList=[], uuidRepresentation=JAVA_LEGACY, serverApi=null, autoEncryptionSettings=null, contextProvider=null}
2023-09-06T22:57:41,640  INFO 19868 --- [mxn.mongodb.net] o.m.d.cluster                            : Adding discovered server ac-dafmvbd-shard-00-02.bz5smxn.mongodb.net:27017 to client view of cluster
2023-09-06T22:57:41,666  INFO 19868 --- [mxn.mongodb.net] o.m.d.cluster                            : Adding discovered server ac-dafmvbd-shard-00-00.bz5smxn.mongodb.net:27017 to client view of cluster
2023-09-06T22:57:41,667  INFO 19868 --- [mxn.mongodb.net] o.m.d.cluster                            : Adding discovered server ac-dafmvbd-shard-00-01.bz5smxn.mongodb.net:27017 to client view of cluster
2023-09-06T22:57:42,353  INFO 19868 --- [ngodb.net:27017] o.m.d.cluster                            : Monitor thread successfully connected to server with description ServerDescription{address=ac-dafmvbd-shard-00-01.bz5smxn.mongodb.net:27017, type=REPLICA_SET_SECONDARY, state=CONNECTED, ok=true, minWireVersion=0, maxWireVersion=17, maxDocumentSize=16777216, logicalSessionTimeoutMinutes=30, roundTripTimeNanos=354344800, setName='atlas-exh0f3-shard-0', canonicalAddress=ac-dafmvbd-shard-00-01.bz5smxn.mongodb.net:27017, hosts=[ac-dafmvbd-shard-00-00.bz5smxn.mongodb.net:27017, ac-dafmvbd-shard-00-01.bz5smxn.mongodb.net:27017, ac-dafmvbd-shard-00-02.bz5smxn.mongodb.net:27017], passives=[], arbiters=[], primary='ac-dafmvbd-shard-00-02.bz5smxn.mongodb.net:27017', tagSet=TagSet{[Tag{name='nodeType', value='ELECTABLE'}, Tag{name='provider', value='GCP'}, Tag{name='region', value='ASIA_SOUTH_1'}, Tag{name='workloadType', value='OPERATIONAL'}]}, electionId=null, setVersion=3, topologyVersion=TopologyVersion{processId=64f888d9803c571dac650646, counter=3}, lastWriteDate=Wed Sep 06 22:57:42 ICT 2023, lastUpdateTimeNanos=50089301039900}
2023-09-06T22:57:42,353  INFO 19868 --- [ngodb.net:27017] o.m.d.cluster                            : Monitor thread successfully connected to server with description ServerDescription{address=ac-dafmvbd-shard-00-02.bz5smxn.mongodb.net:27017, type=REPLICA_SET_PRIMARY, state=CONNECTED, ok=true, minWireVersion=0, maxWireVersion=17, maxDocumentSize=16777216, logicalSessionTimeoutMinutes=30, roundTripTimeNanos=348731200, setName='atlas-exh0f3-shard-0', canonicalAddress=ac-dafmvbd-shard-00-02.bz5smxn.mongodb.net:27017, hosts=[ac-dafmvbd-shard-00-00.bz5smxn.mongodb.net:27017, ac-dafmvbd-shard-00-01.bz5smxn.mongodb.net:27017, ac-dafmvbd-shard-00-02.bz5smxn.mongodb.net:27017], passives=[], arbiters=[], primary='ac-dafmvbd-shard-00-02.bz5smxn.mongodb.net:27017', tagSet=TagSet{[Tag{name='nodeType', value='ELECTABLE'}, Tag{name='provider', value='GCP'}, Tag{name='region', value='ASIA_SOUTH_1'}, Tag{name='workloadType', value='OPERATIONAL'}]}, electionId=7fffffff0000000000000060, setVersion=3, topologyVersion=TopologyVersion{processId=64f8875900f9f2f9b400ecaf, counter=6}, lastWriteDate=Wed Sep 06 22:57:42 ICT 2023, lastUpdateTimeNanos=50089301036100}
2023-09-06T22:57:42,353  INFO 19868 --- [ngodb.net:27017] o.m.d.cluster                            : Monitor thread successfully connected to server with description ServerDescription{address=ac-dafmvbd-shard-00-00.bz5smxn.mongodb.net:27017, type=REPLICA_SET_SECONDARY, state=CONNECTED, ok=true, minWireVersion=0, maxWireVersion=17, maxDocumentSize=16777216, logicalSessionTimeoutMinutes=30, roundTripTimeNanos=357843600, setName='atlas-exh0f3-shard-0', canonicalAddress=ac-dafmvbd-shard-00-00.bz5smxn.mongodb.net:27017, hosts=[ac-dafmvbd-shard-00-00.bz5smxn.mongodb.net:27017, ac-dafmvbd-shard-00-01.bz5smxn.mongodb.net:27017, ac-dafmvbd-shard-00-02.bz5smxn.mongodb.net:27017], passives=[], arbiters=[], primary='ac-dafmvbd-shard-00-02.bz5smxn.mongodb.net:27017', tagSet=TagSet{[Tag{name='nodeType', value='ELECTABLE'}, Tag{name='provider', value='GCP'}, Tag{name='region', value='ASIA_SOUTH_1'}, Tag{name='workloadType', value='OPERATIONAL'}]}, electionId=null, setVersion=3, topologyVersion=TopologyVersion{processId=64f885de669a90482c41c984, counter=4}, lastWriteDate=Wed Sep 06 22:57:42 ICT 2023, lastUpdateTimeNanos=50089301033300}
2023-09-06T22:57:42,359  INFO 19868 --- [ngodb.net:27017] o.m.d.cluster                            : Discovered replica set primary ac-dafmvbd-shard-00-02.bz5smxn.mongodb.net:27017 with max election id 7fffffff0000000000000060 and max set version 3
2023-09-06T22:57:42,429  INFO 19868 --- [           main] o.s.s.w.DefaultSecurityFilterChain       : Will secure any request with [org.springframework.security.web.session.DisableEncodeUrlFilter@b9b94fe5, org.springframework.security.web.context.request.async.WebAsyncManagerIntegrationFilter@11222a95, org.springframework.security.web.context.SecurityContextHolderFilter@df8635f2, org.springframework.security.web.header.HeaderWriterFilter@6f344bc6, org.springframework.web.filter.CorsFilter@3a9a96fe, com.tip.dg4.toeic_exam.config.JwtAuthFilter@62f04d43, org.springframework.security.web.savedrequest.RequestCacheAwareFilter@5d80b164, org.springframework.security.web.servletapi.SecurityContextHolderAwareRequestFilter@5e30ff49, org.springframework.security.web.authentication.AnonymousAuthenticationFilter@3faadf74, org.springframework.security.web.session.SessionManagementFilter@9b64f73, org.springframework.security.web.access.ExceptionTranslationFilter@70f6bb27, org.springframework.security.web.access.intercept.AuthorizationFilter@f067196f]
2023-09-06T22:57:42,716  INFO 19868 --- [           main] c.t.d.t.ToeicExamApplicationTests        : Started ToeicExamApplicationTests in 4.837 seconds (process running for 7.701)
]]></system-out>
  </testcase>
</testsuite>